[0.446s] Invoking command in '/home/dimithri/ros2_ws/src/GazeboRobotSim': PYTHONPATH=/home/dimithri/ros2_ws/build/GazeboRobotSim/prefix_override:/usr/lib/python3/dist-packages/colcon_core/task/python/colcon_distutils_commands:/home/dimithri/ros2_ws/install/GazeboRobotSim/lib/python3.10/site-packages:${PYTHONPATH} /usr/bin/python3 -W ignore:setup.py install is deprecated -W ignore:easy_install command is deprecated setup.py egg_info --egg-base ../../build/GazeboRobotSim build --build-base /home/dimithri/ros2_ws/build/GazeboRobotSim/build install --record /home/dimithri/ros2_ws/build/GazeboRobotSim/install.log --single-version-externally-managed install_data
[0.601s] running egg_info
[0.601s] writing ../../build/GazeboRobotSim/GazeboRobotSim.egg-info/PKG-INFO
[0.602s] writing dependency_links to ../../build/GazeboRobotSim/GazeboRobotSim.egg-info/dependency_links.txt
[0.602s] writing entry points to ../../build/GazeboRobotSim/GazeboRobotSim.egg-info/entry_points.txt
[0.602s] writing requirements to ../../build/GazeboRobotSim/GazeboRobotSim.egg-info/requires.txt
[0.602s] writing top-level names to ../../build/GazeboRobotSim/GazeboRobotSim.egg-info/top_level.txt
[0.602s] writing manifest file '../../build/GazeboRobotSim/GazeboRobotSim.egg-info/SOURCES.txt'
[0.603s] reading manifest file '../../build/GazeboRobotSim/GazeboRobotSim.egg-info/SOURCES.txt'
[0.604s] writing manifest file '../../build/GazeboRobotSim/GazeboRobotSim.egg-info/SOURCES.txt'
[0.604s] running build
[0.604s] running build_py
[0.604s] copying GazeboRobotSim/test_gazebo.py -> /home/dimithri/ros2_ws/build/GazeboRobotSim/build/lib/GazeboRobotSim
[0.604s] copying GazeboRobotSim/__init__.py -> /home/dimithri/ros2_ws/build/GazeboRobotSim/build/lib/GazeboRobotSim
[0.604s] copying GazeboRobotSim/move_robot.py -> /home/dimithri/ros2_ws/build/GazeboRobotSim/build/lib/GazeboRobotSim
[0.605s] running install
[0.605s] running install_lib
[0.605s] copying /home/dimithri/ros2_ws/build/GazeboRobotSim/build/lib/GazeboRobotSim/test_gazebo.py -> /home/dimithri/ros2_ws/install/GazeboRobotSim/lib/python3.10/site-packages/GazeboRobotSim
[0.605s] copying /home/dimithri/ros2_ws/build/GazeboRobotSim/build/lib/GazeboRobotSim/__init__.py -> /home/dimithri/ros2_ws/install/GazeboRobotSim/lib/python3.10/site-packages/GazeboRobotSim
[0.605s] copying /home/dimithri/ros2_ws/build/GazeboRobotSim/build/lib/GazeboRobotSim/move_robot.py -> /home/dimithri/ros2_ws/install/GazeboRobotSim/lib/python3.10/site-packages/GazeboRobotSim
[0.605s] byte-compiling /home/dimithri/ros2_ws/install/GazeboRobotSim/lib/python3.10/site-packages/GazeboRobotSim/test_gazebo.py to test_gazebo.cpython-310.pyc
[0.606s] byte-compiling /home/dimithri/ros2_ws/install/GazeboRobotSim/lib/python3.10/site-packages/GazeboRobotSim/__init__.py to __init__.cpython-310.pyc
[0.606s] byte-compiling /home/dimithri/ros2_ws/install/GazeboRobotSim/lib/python3.10/site-packages/GazeboRobotSim/move_robot.py to move_robot.cpython-310.pyc
[0.606s] running install_data
[0.606s] creating /home/dimithri/ros2_ws/install/GazeboRobotSim/share/ament_index
[0.607s] creating /home/dimithri/ros2_ws/install/GazeboRobotSim/share/ament_index/resource_index
[0.607s] creating /home/dimithri/ros2_ws/install/GazeboRobotSim/share/ament_index/resource_index/packages
[0.607s] copying resource/GazeboRobotSim -> /home/dimithri/ros2_ws/install/GazeboRobotSim/share/ament_index/resource_index/packages
[0.607s] copying package.xml -> /home/dimithri/ros2_ws/install/GazeboRobotSim/share/GazeboRobotSim
[0.608s] copying launch/launch.py -> /home/dimithri/ros2_ws/install/GazeboRobotSim/share/GazeboRobotSim/launch
[0.608s] copying models/robotTask1/model.sdf -> /home/dimithri/ros2_ws/install/GazeboRobotSim/share/GazeboRobotSim/models
[0.608s] creating /home/dimithri/ros2_ws/install/GazeboRobotSim/share/GazeboRobotSim/worlds
[0.608s] copying worlds/task1.world -> /home/dimithri/ros2_ws/install/GazeboRobotSim/share/GazeboRobotSim/worlds
[0.608s] running install_egg_info
[0.609s] removing '/home/dimithri/ros2_ws/install/GazeboRobotSim/lib/python3.10/site-packages/GazeboRobotSim-0.0.0-py3.10.egg-info' (and everything under it)
[0.610s] Copying ../../build/GazeboRobotSim/GazeboRobotSim.egg-info to /home/dimithri/ros2_ws/install/GazeboRobotSim/lib/python3.10/site-packages/GazeboRobotSim-0.0.0-py3.10.egg-info
[0.611s] running install_scripts
[0.626s] Installing move_robot script to /home/dimithri/ros2_ws/install/GazeboRobotSim/lib/GazeboRobotSim
[0.626s] Installing test_gazebo script to /home/dimithri/ros2_ws/install/GazeboRobotSim/lib/GazeboRobotSim
[0.626s] writing list of installed files to '/home/dimithri/ros2_ws/build/GazeboRobotSim/install.log'
[0.641s] Invoked command in '/home/dimithri/ros2_ws/src/GazeboRobotSim' returned '0': PYTHONPATH=/home/dimithri/ros2_ws/build/GazeboRobotSim/prefix_override:/usr/lib/python3/dist-packages/colcon_core/task/python/colcon_distutils_commands:/home/dimithri/ros2_ws/install/GazeboRobotSim/lib/python3.10/site-packages:${PYTHONPATH} /usr/bin/python3 -W ignore:setup.py install is deprecated -W ignore:easy_install command is deprecated setup.py egg_info --egg-base ../../build/GazeboRobotSim build --build-base /home/dimithri/ros2_ws/build/GazeboRobotSim/build install --record /home/dimithri/ros2_ws/build/GazeboRobotSim/install.log --single-version-externally-managed install_data
