/home/795302/R-S_Group_Project/ros2_ws/install/GazeboRobotSim/lib/python3.10/site-packages/GazeboRobotSim/__init__.py
/home/795302/R-S_Group_Project/ros2_ws/install/GazeboRobotSim/lib/python3.10/site-packages/GazeboRobotSim/move_robot.py
/home/795302/R-S_Group_Project/ros2_ws/install/GazeboRobotSim/lib/python3.10/site-packages/GazeboRobotSim/test_gazebo.py
/home/795302/R-S_Group_Project/ros2_ws/install/GazeboRobotSim/lib/python3.10/site-packages/GazeboRobotSim/__pycache__/__init__.cpython-310.pyc
/home/795302/R-S_Group_Project/ros2_ws/install/GazeboRobotSim/lib/python3.10/site-packages/GazeboRobotSim/__pycache__/move_robot.cpython-310.pyc
/home/795302/R-S_Group_Project/ros2_ws/install/GazeboRobotSim/lib/python3.10/site-packages/GazeboRobotSim/__pycache__/test_gazebo.cpython-310.pyc
/home/795302/R-S_Group_Project/ros2_ws/install/GazeboRobotSim/share/ament_index/resource_index/packages/GazeboRobotSim
/home/795302/R-S_Group_Project/ros2_ws/install/GazeboRobotSim/share/GazeboRobotSim/package.xml
/home/795302/R-S_Group_Project/ros2_ws/install/GazeboRobotSim/share/GazeboRobotSim/launch/launch.py
/home/795302/R-S_Group_Project/ros2_ws/install/GazeboRobotSim/share/GazeboRobotSim/models/robotTask1.sdf
/home/795302/R-S_Group_Project/ros2_ws/install/GazeboRobotSim/share/GazeboRobotSim/models/robotTask1.config
/home/795302/R-S_Group_Project/ros2_ws/install/GazeboRobotSim/share/GazeboRobotSim/scripts
/home/795302/R-S_Group_Project/ros2_ws/install/GazeboRobotSim/share/GazeboRobotSim/worlds/task1.world
/home/795302/R-S_Group_Project/ros2_ws/install/GazeboRobotSim/lib/python3.10/site-packages/GazeboRobotSim-0.0.0-py3.10.egg-info/PKG-INFO
/home/795302/R-S_Group_Project/ros2_ws/install/GazeboRobotSim/lib/python3.10/site-packages/GazeboRobotSim-0.0.0-py3.10.egg-info/dependency_links.txt
/home/795302/R-S_Group_Project/ros2_ws/install/GazeboRobotSim/lib/python3.10/site-packages/GazeboRobotSim-0.0.0-py3.10.egg-info/zip-safe
/home/795302/R-S_Group_Project/ros2_ws/install/GazeboRobotSim/lib/python3.10/site-packages/GazeboRobotSim-0.0.0-py3.10.egg-info/top_level.txt
/home/795302/R-S_Group_Project/ros2_ws/install/GazeboRobotSim/lib/python3.10/site-packages/GazeboRobotSim-0.0.0-py3.10.egg-info/entry_points.txt
/home/795302/R-S_Group_Project/ros2_ws/install/GazeboRobotSim/lib/python3.10/site-packages/GazeboRobotSim-0.0.0-py3.10.egg-info/requires.txt
/home/795302/R-S_Group_Project/ros2_ws/install/GazeboRobotSim/lib/python3.10/site-packages/GazeboRobotSim-0.0.0-py3.10.egg-info/SOURCES.txt
/home/795302/R-S_Group_Project/ros2_ws/install/GazeboRobotSim/lib/GazeboRobotSim/move_robot
/home/795302/R-S_Group_Project/ros2_ws/install/GazeboRobotSim/lib/GazeboRobotSim/test_gazebo
