running egg_info
writing ../../build/GazeboRobotSim/GazeboRobotSim.egg-info/PKG-INFO
writing dependency_links to ../../build/GazeboRobotSim/GazeboRobotSim.egg-info/dependency_links.txt
writing entry points to ../../build/GazeboRobotSim/GazeboRobotSim.egg-info/entry_points.txt
writing requirements to ../../build/GazeboRobotSim/GazeboRobotSim.egg-info/requires.txt
writing top-level names to ../../build/GazeboRobotSim/GazeboRobotSim.egg-info/top_level.txt
reading manifest file '../../build/GazeboRobotSim/GazeboRobotSim.egg-info/SOURCES.txt'
writing manifest file '../../build/GazeboRobotSim/GazeboRobotSim.egg-info/SOURCES.txt'
running build
running build_py
running install
running install_lib
running install_data
copying models/robotTask1.sdf -> /home/dimithri/ros2_ws/install/GazeboRobotSim/share/GazeboRobotSim/models
copying models/robotTask1.config -> /home/dimithri/ros2_ws/install/GazeboRobotSim/share/GazeboRobotSim/models
running install_egg_info
removing '/home/dimithri/ros2_ws/install/GazeboRobotSim/lib/python3.10/site-packages/GazeboRobotSim-0.0.0-py3.10.egg-info' (and everything under it)
Copying ../../build/GazeboRobotSim/GazeboRobotSim.egg-info to /home/dimithri/ros2_ws/install/GazeboRobotSim/lib/python3.10/site-packages/GazeboRobotSim-0.0.0-py3.10.egg-info
running install_scripts
Installing move_robot script to /home/dimithri/ros2_ws/install/GazeboRobotSim/lib/GazeboRobotSim
Installing test_gazebo script to /home/dimithri/ros2_ws/install/GazeboRobotSim/lib/GazeboRobotSim
writing list of installed files to '/home/dimithri/ros2_ws/build/GazeboRobotSim/install.log'
