[0.442s] Invoking command in '/home/795302/Documents/Group Project/R-S_Group_Project/ros2_ws/src/GazeboRobotSim': PYTHONPATH=/home/795302/Documents/Group Project/R-S_Group_Project/ros2_ws/build/GazeboRobotSim/prefix_override:/usr/lib/python3/dist-packages/colcon_core/task/python/colcon_distutils_commands:/home/795302/Documents/Group Project/R-S_Group_Project/ros2_ws/install/GazeboRobotSim/lib/python3.10/site-packages:${PYTHONPATH} /usr/bin/python3 -W ignore:setup.py install is deprecated setup.py egg_info --egg-base ../../build/GazeboRobotSim build --build-base /home/795302/Documents/Group Project/R-S_Group_Project/ros2_ws/build/GazeboRobotSim/build install --record /home/795302/Documents/Group Project/R-S_Group_Project/ros2_ws/build/GazeboRobotSim/install.log --single-version-externally-managed install_data
[0.602s] running egg_info
[0.603s] writing ../../build/GazeboRobotSim/GazeboRobotSim.egg-info/PKG-INFO
[0.603s] writing dependency_links to ../../build/GazeboRobotSim/GazeboRobotSim.egg-info/dependency_links.txt
[0.603s] writing entry points to ../../build/GazeboRobotSim/GazeboRobotSim.egg-info/entry_points.txt
[0.603s] writing requirements to ../../build/GazeboRobotSim/GazeboRobotSim.egg-info/requires.txt
[0.603s] writing top-level names to ../../build/GazeboRobotSim/GazeboRobotSim.egg-info/top_level.txt
[0.604s] reading manifest file '../../build/GazeboRobotSim/GazeboRobotSim.egg-info/SOURCES.txt'
[0.605s] writing manifest file '../../build/GazeboRobotSim/GazeboRobotSim.egg-info/SOURCES.txt'
[0.605s] running build
[0.605s] running build_py
[0.605s] copying GazeboRobotSim/move_robot.py -> /home/795302/Documents/Group Project/R-S_Group_Project/ros2_ws/build/GazeboRobotSim/build/lib/GazeboRobotSim
[0.605s] running install
[0.605s] running install_lib
[0.606s] copying /home/795302/Documents/Group Project/R-S_Group_Project/ros2_ws/build/GazeboRobotSim/build/lib/GazeboRobotSim/move_robot.py -> /home/795302/Documents/Group Project/R-S_Group_Project/ros2_ws/install/GazeboRobotSim/lib/python3.10/site-packages/GazeboRobotSim
[0.606s] byte-compiling /home/795302/Documents/Group Project/R-S_Group_Project/ros2_ws/install/GazeboRobotSim/lib/python3.10/site-packages/GazeboRobotSim/move_robot.py to move_robot.cpython-310.pyc
[0.606s] running install_data
[0.607s] running install_egg_info
[0.608s] removing '/home/795302/Documents/Group Project/R-S_Group_Project/ros2_ws/install/GazeboRobotSim/lib/python3.10/site-packages/GazeboRobotSim-0.0.0-py3.10.egg-info' (and everything under it)
[0.608s] Copying ../../build/GazeboRobotSim/GazeboRobotSim.egg-info to /home/795302/Documents/Group Project/R-S_Group_Project/ros2_ws/install/GazeboRobotSim/lib/python3.10/site-packages/GazeboRobotSim-0.0.0-py3.10.egg-info
[0.608s] running install_scripts
[0.621s] Installing move_robot script to /home/795302/Documents/Group Project/R-S_Group_Project/ros2_ws/install/GazeboRobotSim/lib/GazeboRobotSim
[0.621s] Installing test_gazebo script to /home/795302/Documents/Group Project/R-S_Group_Project/ros2_ws/install/GazeboRobotSim/lib/GazeboRobotSim
[0.621s] writing list of installed files to '/home/795302/Documents/Group Project/R-S_Group_Project/ros2_ws/build/GazeboRobotSim/install.log'
[0.635s] Invoked command in '/home/795302/Documents/Group Project/R-S_Group_Project/ros2_ws/src/GazeboRobotSim' returned '0': PYTHONPATH=/home/795302/Documents/Group Project/R-S_Group_Project/ros2_ws/build/GazeboRobotSim/prefix_override:/usr/lib/python3/dist-packages/colcon_core/task/python/colcon_distutils_commands:/home/795302/Documents/Group Project/R-S_Group_Project/ros2_ws/install/GazeboRobotSim/lib/python3.10/site-packages:${PYTHONPATH} /usr/bin/python3 -W ignore:setup.py install is deprecated setup.py egg_info --egg-base ../../build/GazeboRobotSim build --build-base /home/795302/Documents/Group Project/R-S_Group_Project/ros2_ws/build/GazeboRobotSim/build install --record /home/795302/Documents/Group Project/R-S_Group_Project/ros2_ws/build/GazeboRobotSim/install.log --single-version-externally-managed install_data
