running egg_info
creating ../../build/GazeboRobotSim/GazeboRobotSim.egg-info
writing ../../build/GazeboRobotSim/GazeboRobotSim.egg-info/PKG-INFO
writing dependency_links to ../../build/GazeboRobotSim/GazeboRobotSim.egg-info/dependency_links.txt
writing entry points to ../../build/GazeboRobotSim/GazeboRobotSim.egg-info/entry_points.txt
writing requirements to ../../build/GazeboRobotSim/GazeboRobotSim.egg-info/requires.txt
writing top-level names to ../../build/GazeboRobotSim/GazeboRobotSim.egg-info/top_level.txt
writing manifest file '../../build/GazeboRobotSim/GazeboRobotSim.egg-info/SOURCES.txt'
reading manifest file '../../build/GazeboRobotSim/GazeboRobotSim.egg-info/SOURCES.txt'
writing manifest file '../../build/GazeboRobotSim/GazeboRobotSim.egg-info/SOURCES.txt'
running build
running build_py
creating /home/abrew/R-S_Group_Project/ros2_ws/build/GazeboRobotSim/build
creating /home/abrew/R-S_Group_Project/ros2_ws/build/GazeboRobotSim/build/lib
creating /home/abrew/R-S_Group_Project/ros2_ws/build/GazeboRobotSim/build/lib/GazeboRobotSim
copying GazeboRobotSim/move_robot.py -> /home/abrew/R-S_Group_Project/ros2_ws/build/GazeboRobotSim/build/lib/GazeboRobotSim
copying GazeboRobotSim/__init__.py -> /home/abrew/R-S_Group_Project/ros2_ws/build/GazeboRobotSim/build/lib/GazeboRobotSim
running install
running install_lib
creating /home/abrew/R-S_Group_Project/ros2_ws/install/GazeboRobotSim/lib/python3.10/site-packages/GazeboRobotSim
copying /home/abrew/R-S_Group_Project/ros2_ws/build/GazeboRobotSim/build/lib/GazeboRobotSim/move_robot.py -> /home/abrew/R-S_Group_Project/ros2_ws/install/GazeboRobotSim/lib/python3.10/site-packages/GazeboRobotSim
copying /home/abrew/R-S_Group_Project/ros2_ws/build/GazeboRobotSim/build/lib/GazeboRobotSim/__init__.py -> /home/abrew/R-S_Group_Project/ros2_ws/install/GazeboRobotSim/lib/python3.10/site-packages/GazeboRobotSim
byte-compiling /home/abrew/R-S_Group_Project/ros2_ws/install/GazeboRobotSim/lib/python3.10/site-packages/GazeboRobotSim/move_robot.py to move_robot.cpython-310.pyc
byte-compiling /home/abrew/R-S_Group_Project/ros2_ws/install/GazeboRobotSim/lib/python3.10/site-packages/GazeboRobotSim/__init__.py to __init__.cpython-310.pyc
running install_data
creating /home/abrew/R-S_Group_Project/ros2_ws/install/GazeboRobotSim/share/ament_index
creating /home/abrew/R-S_Group_Project/ros2_ws/install/GazeboRobotSim/share/ament_index/resource_index
creating /home/abrew/R-S_Group_Project/ros2_ws/install/GazeboRobotSim/share/ament_index/resource_index/packages
copying resource/GazeboRobotSim -> /home/abrew/R-S_Group_Project/ros2_ws/install/GazeboRobotSim/share/ament_index/resource_index/packages
copying package.xml -> /home/abrew/R-S_Group_Project/ros2_ws/install/GazeboRobotSim/share/GazeboRobotSim
creating /home/abrew/R-S_Group_Project/ros2_ws/install/GazeboRobotSim/share/GazeboRobotSim/launch
copying launch/launch_task1.py -> /home/abrew/R-S_Group_Project/ros2_ws/install/GazeboRobotSim/share/GazeboRobotSim/launch
copying launch/launch_task2.py -> /home/abrew/R-S_Group_Project/ros2_ws/install/GazeboRobotSim/share/GazeboRobotSim/launch
copying launch/launch_task3.py -> /home/abrew/R-S_Group_Project/ros2_ws/install/GazeboRobotSim/share/GazeboRobotSim/launch
creating /home/abrew/R-S_Group_Project/ros2_ws/install/GazeboRobotSim/share/GazeboRobotSim/models
copying models/robotWithWings.sdf -> /home/abrew/R-S_Group_Project/ros2_ws/install/GazeboRobotSim/share/GazeboRobotSim/models
copying models/robotTask1.sdf -> /home/abrew/R-S_Group_Project/ros2_ws/install/GazeboRobotSim/share/GazeboRobotSim/models
copying models/robotTask1.config -> /home/abrew/R-S_Group_Project/ros2_ws/install/GazeboRobotSim/share/GazeboRobotSim/models
copying models/robotWithWings.config -> /home/abrew/R-S_Group_Project/ros2_ws/install/GazeboRobotSim/share/GazeboRobotSim/models
creating /home/abrew/R-S_Group_Project/ros2_ws/install/GazeboRobotSim/share/GazeboRobotSim/worlds
copying worlds/task2.world -> /home/abrew/R-S_Group_Project/ros2_ws/install/GazeboRobotSim/share/GazeboRobotSim/worlds
copying worlds/task1.world -> /home/abrew/R-S_Group_Project/ros2_ws/install/GazeboRobotSim/share/GazeboRobotSim/worlds
copying worlds/task3.world -> /home/abrew/R-S_Group_Project/ros2_ws/install/GazeboRobotSim/share/GazeboRobotSim/worlds
running install_egg_info
Copying ../../build/GazeboRobotSim/GazeboRobotSim.egg-info to /home/abrew/R-S_Group_Project/ros2_ws/install/GazeboRobotSim/lib/python3.10/site-packages/GazeboRobotSim-0.0.0-py3.10.egg-info
running install_scripts
Installing move_robot script to /home/abrew/R-S_Group_Project/ros2_ws/install/GazeboRobotSim/lib/GazeboRobotSim
Installing move_robot2 script to /home/abrew/R-S_Group_Project/ros2_ws/install/GazeboRobotSim/lib/GazeboRobotSim
Installing test_gazebo script to /home/abrew/R-S_Group_Project/ros2_ws/install/GazeboRobotSim/lib/GazeboRobotSim
writing list of installed files to '/home/abrew/R-S_Group_Project/ros2_ws/build/GazeboRobotSim/install.log'
