[0.459s] DEBUG:colcon:Command line arguments: ['/usr/bin/colcon', 'build', '--packages-select', 'GazeboRobotSim']
[0.459s] DEBUG:colcon:Parsed command line arguments: Namespace(log_base=None, log_level=None, verb_name='build', build_base='build', install_base='install', merge_install=False, symlink_install=False, test_result_base=None, continue_on_error=False, executor='parallel', parallel_workers=16, event_handlers=None, ignore_user_meta=False, metas=['./colcon.meta'], base_paths=['.'], packages_ignore=None, packages_ignore_regex=None, paths=None, packages_up_to=None, packages_up_to_regex=None, packages_above=None, packages_above_and_dependencies=None, packages_above_depth=None, packages_select_by_dep=None, packages_skip_by_dep=None, packages_skip_up_to=None, packages_select_build_failed=False, packages_skip_build_finished=False, packages_select_test_failures=False, packages_skip_test_passed=False, packages_select=['GazeboRobotSim'], packages_skip=None, packages_select_regex=None, packages_skip_regex=None, packages_start=None, packages_end=None, allow_overriding=[], cmake_args=None, cmake_target=None, cmake_target_skip_unavailable=False, cmake_clean_cache=False, cmake_clean_first=False, cmake_force_configure=False, ament_cmake_args=None, catkin_cmake_args=None, catkin_skip_building_tests=False, mixin_files=None, mixin=None, verb_parser=<colcon_mixin.mixin.mixin_argument.MixinArgumentDecorator object at 0x7f0822999540>, verb_extension=<colcon_core.verb.build.BuildVerb object at 0x7f08229986a0>, main=<bound method BuildVerb.main of <colcon_core.verb.build.BuildVerb object at 0x7f08229986a0>>, mixin_verb=('build',))
[0.725s] Level 1:colcon.colcon_core.package_discovery:discover_packages(colcon_meta) check parameters
[0.725s] Level 1:colcon.colcon_core.package_discovery:discover_packages(recursive) check parameters
[0.726s] Level 1:colcon.colcon_core.package_discovery:discover_packages(ignore) check parameters
[0.726s] Level 1:colcon.colcon_core.package_discovery:discover_packages(path) check parameters
[0.726s] Level 1:colcon.colcon_core.package_discovery:discover_packages(colcon_meta) discover
[0.726s] Level 1:colcon.colcon_core.package_discovery:discover_packages(recursive) discover
[0.726s] INFO:colcon.colcon_core.package_discovery:Crawling recursively for packages in '/home/dimithri/ros2_ws'
[0.726s] Level 1:colcon.colcon_core.package_identification:_identify(.) by extensions ['ignore', 'ignore_ament_install']
[0.727s] Level 1:colcon.colcon_core.package_identification:_identify(.) by extension 'ignore'
[0.727s] Level 1:colcon.colcon_core.package_identification:_identify(.) by extension 'ignore_ament_install'
[0.727s] Level 1:colcon.colcon_core.package_identification:_identify(.) by extensions ['colcon_pkg']
[0.727s] Level 1:colcon.colcon_core.package_identification:_identify(.) by extension 'colcon_pkg'
[0.728s] Level 1:colcon.colcon_core.package_identification:_identify(.) by extensions ['colcon_meta']
[0.728s] Level 1:colcon.colcon_core.package_identification:_identify(.) by extension 'colcon_meta'
[0.728s] Level 1:colcon.colcon_core.package_identification:_identify(.) by extensions ['ros']
[0.728s] Level 1:colcon.colcon_core.package_identification:_identify(.) by extension 'ros'
[0.746s] Level 1:colcon.colcon_core.package_identification:_identify(.) by extensions ['cmake', 'python']
[0.746s] Level 1:colcon.colcon_core.package_identification:_identify(.) by extension 'cmake'
[0.746s] Level 1:colcon.colcon_core.package_identification:_identify(.) by extension 'python'
[0.746s] Level 1:colcon.colcon_core.package_identification:_identify(.) by extensions ['python_setup_py']
[0.746s] Level 1:colcon.colcon_core.package_identification:_identify(.) by extension 'python_setup_py'
[0.747s] Level 1:colcon.colcon_core.package_identification:_identify(build) by extensions ['ignore', 'ignore_ament_install']
[0.747s] Level 1:colcon.colcon_core.package_identification:_identify(build) by extension 'ignore'
[0.747s] Level 1:colcon.colcon_core.package_identification:_identify(build) ignored
[0.747s] Level 1:colcon.colcon_core.package_identification:_identify(install) by extensions ['ignore', 'ignore_ament_install']
[0.747s] Level 1:colcon.colcon_core.package_identification:_identify(install) by extension 'ignore'
[0.747s] Level 1:colcon.colcon_core.package_identification:_identify(install) ignored
[0.747s] Level 1:colcon.colcon_core.package_identification:_identify(log) by extensions ['ignore', 'ignore_ament_install']
[0.747s] Level 1:colcon.colcon_core.package_identification:_identify(log) by extension 'ignore'
[0.747s] Level 1:colcon.colcon_core.package_identification:_identify(log) ignored
[0.747s] Level 1:colcon.colcon_core.package_identification:_identify(src) by extensions ['ignore', 'ignore_ament_install']
[0.748s] Level 1:colcon.colcon_core.package_identification:_identify(src) by extension 'ignore'
[0.748s] Level 1:colcon.colcon_core.package_identification:_identify(src) by extension 'ignore_ament_install'
[0.748s] Level 1:colcon.colcon_core.package_identification:_identify(src) by extensions ['colcon_pkg']
[0.748s] Level 1:colcon.colcon_core.package_identification:_identify(src) by extension 'colcon_pkg'
[0.748s] Level 1:colcon.colcon_core.package_identification:_identify(src) by extensions ['colcon_meta']
[0.748s] Level 1:colcon.colcon_core.package_identification:_identify(src) by extension 'colcon_meta'
[0.748s] Level 1:colcon.colcon_core.package_identification:_identify(src) by extensions ['ros']
[0.748s] Level 1:colcon.colcon_core.package_identification:_identify(src) by extension 'ros'
[0.749s] Level 1:colcon.colcon_core.package_identification:_identify(src) by extensions ['cmake', 'python']
[0.749s] Level 1:colcon.colcon_core.package_identification:_identify(src) by extension 'cmake'
[0.749s] Level 1:colcon.colcon_core.package_identification:_identify(src) by extension 'python'
[0.749s] Level 1:colcon.colcon_core.package_identification:_identify(src) by extensions ['python_setup_py']
[0.749s] Level 1:colcon.colcon_core.package_identification:_identify(src) by extension 'python_setup_py'
[0.749s] Level 1:colcon.colcon_core.package_identification:_identify(src/GazeboRobotSim) by extensions ['ignore', 'ignore_ament_install']
[0.749s] Level 1:colcon.colcon_core.package_identification:_identify(src/GazeboRobotSim) by extension 'ignore'
[0.749s] Level 1:colcon.colcon_core.package_identification:_identify(src/GazeboRobotSim) by extension 'ignore_ament_install'
[0.749s] Level 1:colcon.colcon_core.package_identification:_identify(src/GazeboRobotSim) by extensions ['colcon_pkg']
[0.749s] Level 1:colcon.colcon_core.package_identification:_identify(src/GazeboRobotSim) by extension 'colcon_pkg'
[0.749s] Level 1:colcon.colcon_core.package_identification:_identify(src/GazeboRobotSim) by extensions ['colcon_meta']
[0.749s] Level 1:colcon.colcon_core.package_identification:_identify(src/GazeboRobotSim) by extension 'colcon_meta'
[0.749s] Level 1:colcon.colcon_core.package_identification:_identify(src/GazeboRobotSim) by extensions ['ros']
[0.749s] Level 1:colcon.colcon_core.package_identification:_identify(src/GazeboRobotSim) by extension 'ros'
[0.753s] DEBUG:colcon.colcon_core.package_identification:Package 'src/GazeboRobotSim' with type 'ros.ament_python' and name 'GazeboRobotSim'
[0.753s] Level 1:colcon.colcon_core.package_discovery:discover_packages(recursive) using defaults
[0.753s] Level 1:colcon.colcon_core.package_discovery:discover_packages(ignore) discover
[0.754s] Level 1:colcon.colcon_core.package_discovery:discover_packages(ignore) using defaults
[0.754s] Level 1:colcon.colcon_core.package_discovery:discover_packages(path) discover
[0.754s] Level 1:colcon.colcon_core.package_discovery:discover_packages(path) using defaults
[0.820s] Level 1:colcon.colcon_core.package_discovery:discover_packages(prefix_path) check parameters
[0.820s] Level 1:colcon.colcon_core.package_discovery:discover_packages(prefix_path) discover
[0.824s] DEBUG:colcon.colcon_installed_package_information.package_discovery:Found 1 installed packages in /home/dimithri/ros2_ws/install
[0.826s] DEBUG:colcon.colcon_installed_package_information.package_discovery:Found 293 installed packages in /opt/ros/humble
[0.828s] Level 1:colcon.colcon_core.package_discovery:discover_packages(prefix_path) using defaults
[0.889s] Level 5:colcon.colcon_core.verb:set package 'GazeboRobotSim' build argument 'cmake_args' from command line to 'None'
[0.889s] Level 5:colcon.colcon_core.verb:set package 'GazeboRobotSim' build argument 'cmake_target' from command line to 'None'
[0.889s] Level 5:colcon.colcon_core.verb:set package 'GazeboRobotSim' build argument 'cmake_target_skip_unavailable' from command line to 'False'
[0.889s] Level 5:colcon.colcon_core.verb:set package 'GazeboRobotSim' build argument 'cmake_clean_cache' from command line to 'False'
[0.889s] Level 5:colcon.colcon_core.verb:set package 'GazeboRobotSim' build argument 'cmake_clean_first' from command line to 'False'
[0.889s] Level 5:colcon.colcon_core.verb:set package 'GazeboRobotSim' build argument 'cmake_force_configure' from command line to 'False'
[0.889s] Level 5:colcon.colcon_core.verb:set package 'GazeboRobotSim' build argument 'ament_cmake_args' from command line to 'None'
[0.889s] Level 5:colcon.colcon_core.verb:set package 'GazeboRobotSim' build argument 'catkin_cmake_args' from command line to 'None'
[0.889s] Level 5:colcon.colcon_core.verb:set package 'GazeboRobotSim' build argument 'catkin_skip_building_tests' from command line to 'False'
[0.889s] DEBUG:colcon.colcon_core.verb:Building package 'GazeboRobotSim' with the following arguments: {'ament_cmake_args': None, 'build_base': '/home/dimithri/ros2_ws/build/GazeboRobotSim', 'catkin_cmake_args': None, 'catkin_skip_building_tests': False, 'cmake_args': None, 'cmake_clean_cache': False, 'cmake_clean_first': False, 'cmake_force_configure': False, 'cmake_target': None, 'cmake_target_skip_unavailable': False, 'install_base': '/home/dimithri/ros2_ws/install/GazeboRobotSim', 'merge_install': False, 'path': '/home/dimithri/ros2_ws/src/GazeboRobotSim', 'symlink_install': False, 'test_result_base': None}
[0.889s] INFO:colcon.colcon_core.executor:Executing jobs using 'parallel' executor
[0.891s] DEBUG:colcon.colcon_parallel_executor.executor.parallel:run_until_complete
[0.892s] INFO:colcon.colcon_ros.task.ament_python.build:Building ROS package in '/home/dimithri/ros2_ws/src/GazeboRobotSim' with build type 'ament_python'
[0.892s] Level 1:colcon.colcon_core.shell:create_environment_hook('GazeboRobotSim', 'ament_prefix_path')
[0.900s] INFO:colcon.colcon_core.plugin_system:Skipping extension 'colcon_core.shell.bat': Not used on non-Windows systems
[0.900s] INFO:colcon.colcon_core.shell:Creating environment hook '/home/dimithri/ros2_ws/install/GazeboRobotSim/share/GazeboRobotSim/hook/ament_prefix_path.ps1'
[0.901s] INFO:colcon.colcon_core.shell:Creating environment descriptor '/home/dimithri/ros2_ws/install/GazeboRobotSim/share/GazeboRobotSim/hook/ament_prefix_path.dsv'
[0.902s] INFO:colcon.colcon_core.shell:Creating environment hook '/home/dimithri/ros2_ws/install/GazeboRobotSim/share/GazeboRobotSim/hook/ament_prefix_path.sh'
[0.904s] INFO:colcon.colcon_core.shell:Skip shell extension 'powershell' for command environment: Not usable outside of PowerShell
[0.904s] DEBUG:colcon.colcon_core.shell:Skip shell extension 'dsv' for command environment
[1.344s] INFO:colcon.colcon_core.task.python.build:Building Python package in '/home/dimithri/ros2_ws/src/GazeboRobotSim'
[1.345s] INFO:colcon.colcon_core.shell:Skip shell extension 'powershell' for command environment: Not usable outside of PowerShell
[1.345s] DEBUG:colcon.colcon_core.shell:Skip shell extension 'dsv' for command environment
[1.976s] DEBUG:colcon.colcon_core.event_handler.log_command:Invoking command in '/home/dimithri/ros2_ws/src/GazeboRobotSim': PYTHONPATH=/home/dimithri/ros2_ws/build/GazeboRobotSim/prefix_override:/usr/lib/python3/dist-packages/colcon_core/task/python/colcon_distutils_commands:/home/dimithri/ros2_ws/install/GazeboRobotSim/lib/python3.10/site-packages:${PYTHONPATH} /usr/bin/python3 -W ignore:setup.py install is deprecated -W ignore:easy_install command is deprecated setup.py egg_info --egg-base ../../build/GazeboRobotSim build --build-base /home/dimithri/ros2_ws/build/GazeboRobotSim/build install --record /home/dimithri/ros2_ws/build/GazeboRobotSim/install.log --single-version-externally-managed install_data
[2.462s] DEBUG:colcon.colcon_core.event_handler.log_command:Invoked command in '/home/dimithri/ros2_ws/src/GazeboRobotSim' returned '0': PYTHONPATH=/home/dimithri/ros2_ws/build/GazeboRobotSim/prefix_override:/usr/lib/python3/dist-packages/colcon_core/task/python/colcon_distutils_commands:/home/dimithri/ros2_ws/install/GazeboRobotSim/lib/python3.10/site-packages:${PYTHONPATH} /usr/bin/python3 -W ignore:setup.py install is deprecated -W ignore:easy_install command is deprecated setup.py egg_info --egg-base ../../build/GazeboRobotSim build --build-base /home/dimithri/ros2_ws/build/GazeboRobotSim/build install --record /home/dimithri/ros2_ws/build/GazeboRobotSim/install.log --single-version-externally-managed install_data
[2.464s] Level 1:colcon.colcon_core.environment:checking '/home/dimithri/ros2_ws/install/GazeboRobotSim' for CMake module files
[2.465s] Level 1:colcon.colcon_core.environment:checking '/home/dimithri/ros2_ws/install/GazeboRobotSim' for CMake config files
[2.466s] Level 1:colcon.colcon_core.environment:checking '/home/dimithri/ros2_ws/install/GazeboRobotSim/lib'
[2.466s] Level 1:colcon.colcon_core.environment:checking '/home/dimithri/ros2_ws/install/GazeboRobotSim/bin'
[2.467s] Level 1:colcon.colcon_core.environment:checking '/home/dimithri/ros2_ws/install/GazeboRobotSim/lib/pkgconfig/GazeboRobotSim.pc'
[2.468s] Level 1:colcon.colcon_core.environment:checking '/home/dimithri/ros2_ws/install/GazeboRobotSim/lib/python3.10/site-packages'
[2.469s] Level 1:colcon.colcon_core.shell:create_environment_hook('GazeboRobotSim', 'pythonpath')
[2.470s] INFO:colcon.colcon_core.shell:Creating environment hook '/home/dimithri/ros2_ws/install/GazeboRobotSim/share/GazeboRobotSim/hook/pythonpath.ps1'
[2.472s] INFO:colcon.colcon_core.shell:Creating environment descriptor '/home/dimithri/ros2_ws/install/GazeboRobotSim/share/GazeboRobotSim/hook/pythonpath.dsv'
[2.473s] INFO:colcon.colcon_core.shell:Creating environment hook '/home/dimithri/ros2_ws/install/GazeboRobotSim/share/GazeboRobotSim/hook/pythonpath.sh'
[2.475s] Level 1:colcon.colcon_core.environment:checking '/home/dimithri/ros2_ws/install/GazeboRobotSim/bin'
[2.475s] Level 1:colcon.colcon_core.environment:create_environment_scripts_only(GazeboRobotSim)
[2.475s] INFO:colcon.colcon_core.shell:Creating package script '/home/dimithri/ros2_ws/install/GazeboRobotSim/share/GazeboRobotSim/package.ps1'
[2.477s] INFO:colcon.colcon_core.shell:Creating package descriptor '/home/dimithri/ros2_ws/install/GazeboRobotSim/share/GazeboRobotSim/package.dsv'
[2.478s] INFO:colcon.colcon_core.shell:Creating package script '/home/dimithri/ros2_ws/install/GazeboRobotSim/share/GazeboRobotSim/package.sh'
[2.479s] INFO:colcon.colcon_core.shell:Creating package script '/home/dimithri/ros2_ws/install/GazeboRobotSim/share/GazeboRobotSim/package.bash'
[2.480s] INFO:colcon.colcon_core.shell:Creating package script '/home/dimithri/ros2_ws/install/GazeboRobotSim/share/GazeboRobotSim/package.zsh'
[2.482s] Level 1:colcon.colcon_core.environment:create_file_with_runtime_dependencies(/home/dimithri/ros2_ws/install/GazeboRobotSim/share/colcon-core/packages/GazeboRobotSim)
[2.483s] DEBUG:colcon.colcon_parallel_executor.executor.parallel:closing loop
[2.487s] DEBUG:colcon.colcon_parallel_executor.executor.parallel:loop closed
[2.487s] DEBUG:colcon.colcon_parallel_executor.executor.parallel:run_until_complete finished with '0'
[2.488s] DEBUG:colcon.colcon_core.event_reactor:joining thread
[2.655s] INFO:colcon.colcon_core.plugin_system:Skipping extension 'colcon_notification.desktop_notification.notify_send': Could not find 'notify-send'
[2.655s] INFO:colcon.colcon_core.plugin_system:Skipping extension 'colcon_notification.desktop_notification.terminal_notifier': Not used on non-Darwin systems
[2.655s] INFO:colcon.colcon_core.plugin_system:Skipping extension 'colcon_notification.desktop_notification.win32': Not used on non-Windows systems
[2.655s] INFO:colcon.colcon_notification.desktop_notification:Sending desktop notification using 'notify2'
[2.655s] DEBUG:colcon.colcon_notification.desktop_notification.notify2:Failed to initialize notify2: org.freedesktop.DBus.Error.FileNotFound: Failed to connect to socket /run/user/1000/bus: No such file or directory
[2.656s] DEBUG:colcon.colcon_core.event_reactor:joined thread
[2.657s] INFO:colcon.colcon_core.shell:Creating prefix script '/home/dimithri/ros2_ws/install/local_setup.ps1'
[2.660s] INFO:colcon.colcon_core.shell:Creating prefix util module '/home/dimithri/ros2_ws/install/_local_setup_util_ps1.py'
[2.661s] INFO:colcon.colcon_core.shell:Creating prefix chain script '/home/dimithri/ros2_ws/install/setup.ps1'
[2.663s] INFO:colcon.colcon_core.shell:Creating prefix script '/home/dimithri/ros2_ws/install/local_setup.sh'
[2.664s] INFO:colcon.colcon_core.shell:Creating prefix util module '/home/dimithri/ros2_ws/install/_local_setup_util_sh.py'
[2.665s] INFO:colcon.colcon_core.shell:Creating prefix chain script '/home/dimithri/ros2_ws/install/setup.sh'
[2.667s] INFO:colcon.colcon_core.shell:Creating prefix script '/home/dimithri/ros2_ws/install/local_setup.bash'
[2.668s] INFO:colcon.colcon_core.shell:Creating prefix chain script '/home/dimithri/ros2_ws/install/setup.bash'
[2.669s] INFO:colcon.colcon_core.shell:Creating prefix script '/home/dimithri/ros2_ws/install/local_setup.zsh'
[2.670s] INFO:colcon.colcon_core.shell:Creating prefix chain script '/home/dimithri/ros2_ws/install/setup.zsh'
