[1.098s] Invoking command in '/home/dimithri/R-S_Group_Project/ros2_ws/src/GazeboRobotSim': PYTHONPATH=/home/dimithri/R-S_Group_Project/ros2_ws/build/GazeboRobotSim/prefix_override:/usr/lib/python3/dist-packages/colcon_core/task/python/colcon_distutils_commands:/home/dimithri/R-S_Group_Project/ros2_ws/install/GazeboRobotSim/lib/python3.10/site-packages:${PYTHONPATH} /usr/bin/python3 -W ignore:setup.py install is deprecated -W ignore:easy_install command is deprecated setup.py egg_info --egg-base ../../build/GazeboRobotSim build --build-base /home/dimithri/R-S_Group_Project/ros2_ws/build/GazeboRobotSim/build install --record /home/dimithri/R-S_Group_Project/ros2_ws/build/GazeboRobotSim/install.log --single-version-externally-managed install_data
[1.454s] running egg_info
[1.455s] writing ../../build/GazeboRobotSim/GazeboRobotSim.egg-info/PKG-INFO
[1.455s] writing dependency_links to ../../build/GazeboRobotSim/GazeboRobotSim.egg-info/dependency_links.txt
[1.456s] writing entry points to ../../build/GazeboRobotSim/GazeboRobotSim.egg-info/entry_points.txt
[1.457s] writing requirements to ../../build/GazeboRobotSim/GazeboRobotSim.egg-info/requires.txt
[1.457s] writing top-level names to ../../build/GazeboRobotSim/GazeboRobotSim.egg-info/top_level.txt
[1.458s] reading manifest file '../../build/GazeboRobotSim/GazeboRobotSim.egg-info/SOURCES.txt'
[1.460s] writing manifest file '../../build/GazeboRobotSim/GazeboRobotSim.egg-info/SOURCES.txt'
[1.460s] running build
[1.460s] running build_py
[1.461s] running install
[1.462s] running install_lib
[1.463s] running install_data
[1.463s] copying worlds/task3.world -> /home/dimithri/R-S_Group_Project/ros2_ws/install/GazeboRobotSim/share/GazeboRobotSim/worlds
[1.463s] running install_egg_info
[1.465s] removing '/home/dimithri/R-S_Group_Project/ros2_ws/install/GazeboRobotSim/lib/python3.10/site-packages/GazeboRobotSim-0.0.0-py3.10.egg-info' (and everything under it)
[1.466s] Copying ../../build/GazeboRobotSim/GazeboRobotSim.egg-info to /home/dimithri/R-S_Group_Project/ros2_ws/install/GazeboRobotSim/lib/python3.10/site-packages/GazeboRobotSim-0.0.0-py3.10.egg-info
[1.467s] running install_scripts
[1.492s] Installing move_robot script to /home/dimithri/R-S_Group_Project/ros2_ws/install/GazeboRobotSim/lib/GazeboRobotSim
[1.492s] Installing move_robot2 script to /home/dimithri/R-S_Group_Project/ros2_ws/install/GazeboRobotSim/lib/GazeboRobotSim
[1.493s] Installing test_gazebo script to /home/dimithri/R-S_Group_Project/ros2_ws/install/GazeboRobotSim/lib/GazeboRobotSim
[1.493s] writing list of installed files to '/home/dimithri/R-S_Group_Project/ros2_ws/build/GazeboRobotSim/install.log'
[1.528s] Invoked command in '/home/dimithri/R-S_Group_Project/ros2_ws/src/GazeboRobotSim' returned '0': PYTHONPATH=/home/dimithri/R-S_Group_Project/ros2_ws/build/GazeboRobotSim/prefix_override:/usr/lib/python3/dist-packages/colcon_core/task/python/colcon_distutils_commands:/home/dimithri/R-S_Group_Project/ros2_ws/install/GazeboRobotSim/lib/python3.10/site-packages:${PYTHONPATH} /usr/bin/python3 -W ignore:setup.py install is deprecated -W ignore:easy_install command is deprecated setup.py egg_info --egg-base ../../build/GazeboRobotSim build --build-base /home/dimithri/R-S_Group_Project/ros2_ws/build/GazeboRobotSim/build install --record /home/dimithri/R-S_Group_Project/ros2_ws/build/GazeboRobotSim/install.log --single-version-externally-managed install_data
