running egg_info
creating ../../build/GazeboRobotSim/GazeboRobotSim.egg-info
writing ../../build/GazeboRobotSim/GazeboRobotSim.egg-info/PKG-INFO
writing dependency_links to ../../build/GazeboRobotSim/GazeboRobotSim.egg-info/dependency_links.txt
writing entry points to ../../build/GazeboRobotSim/GazeboRobotSim.egg-info/entry_points.txt
writing requirements to ../../build/GazeboRobotSim/GazeboRobotSim.egg-info/requires.txt
writing top-level names to ../../build/GazeboRobotSim/GazeboRobotSim.egg-info/top_level.txt
writing manifest file '../../build/GazeboRobotSim/GazeboRobotSim.egg-info/SOURCES.txt'
reading manifest file '../../build/GazeboRobotSim/GazeboRobotSim.egg-info/SOURCES.txt'
writing manifest file '../../build/GazeboRobotSim/GazeboRobotSim.egg-info/SOURCES.txt'
running build
running build_py
creating /home/dimithri/ros2_ws/build/GazeboRobotSim/build
creating /home/dimithri/ros2_ws/build/GazeboRobotSim/build/lib
creating /home/dimithri/ros2_ws/build/GazeboRobotSim/build/lib/GazeboRobotSim
copying GazeboRobotSim/__init__.py -> /home/dimithri/ros2_ws/build/GazeboRobotSim/build/lib/GazeboRobotSim
running install
running install_lib
creating /home/dimithri/ros2_ws/install/GazeboRobotSim/lib/python3.10/site-packages/GazeboRobotSim
copying /home/dimithri/ros2_ws/build/GazeboRobotSim/build/lib/GazeboRobotSim/__init__.py -> /home/dimithri/ros2_ws/install/GazeboRobotSim/lib/python3.10/site-packages/GazeboRobotSim
byte-compiling /home/dimithri/ros2_ws/install/GazeboRobotSim/lib/python3.10/site-packages/GazeboRobotSim/__init__.py to __init__.cpython-310.pyc
running install_data
creating /home/dimithri/ros2_ws/install/GazeboRobotSim/share/ament_index
creating /home/dimithri/ros2_ws/install/GazeboRobotSim/share/ament_index/resource_index
creating /home/dimithri/ros2_ws/install/GazeboRobotSim/share/ament_index/resource_index/packages
copying resource/GazeboRobotSim -> /home/dimithri/ros2_ws/install/GazeboRobotSim/share/ament_index/resource_index/packages
copying package.xml -> /home/dimithri/ros2_ws/install/GazeboRobotSim/share/GazeboRobotSim
creating /home/dimithri/ros2_ws/install/GazeboRobotSim/share/GazeboRobotSim/launch
copying launch/spawn_task1.py -> /home/dimithri/ros2_ws/install/GazeboRobotSim/share/GazeboRobotSim/launch
creating /home/dimithri/ros2_ws/install/GazeboRobotSim/share/GazeboRobotSim/models
copying models/robotTask1.sdf -> /home/dimithri/ros2_ws/install/GazeboRobotSim/share/GazeboRobotSim/models
running install_egg_info
Copying ../../build/GazeboRobotSim/GazeboRobotSim.egg-info to /home/dimithri/ros2_ws/install/GazeboRobotSim/lib/python3.10/site-packages/GazeboRobotSim-0.0.0-py3.10.egg-info
running install_scripts
writing list of installed files to '/home/dimithri/ros2_ws/build/GazeboRobotSim/install.log'
