[0.359s] Invoking command in '/home/dimithri/ros2_ws/src/GazeboRobotSim': PYTHONPATH=/home/dimithri/ros2_ws/build/GazeboRobotSim/prefix_override:/usr/lib/python3/dist-packages/colcon_core/task/python/colcon_distutils_commands:/home/dimithri/ros2_ws/install/GazeboRobotSim/lib/python3.10/site-packages:${PYTHONPATH} /usr/bin/python3 -W ignore:setup.py install is deprecated -W ignore:easy_install command is deprecated setup.py egg_info --egg-base ../../build/GazeboRobotSim build --build-base /home/dimithri/ros2_ws/build/GazeboRobotSim/build install --record /home/dimithri/ros2_ws/build/GazeboRobotSim/install.log --single-version-externally-managed install_data
[0.494s] running egg_info
[0.494s] creating ../../build/GazeboRobotSim/GazeboRobotSim.egg-info
[0.495s] writing ../../build/GazeboRobotSim/GazeboRobotSim.egg-info/PKG-INFO
[0.495s] writing dependency_links to ../../build/GazeboRobotSim/GazeboRobotSim.egg-info/dependency_links.txt
[0.495s] writing entry points to ../../build/GazeboRobotSim/GazeboRobotSim.egg-info/entry_points.txt
[0.495s] writing requirements to ../../build/GazeboRobotSim/GazeboRobotSim.egg-info/requires.txt
[0.495s] writing top-level names to ../../build/GazeboRobotSim/GazeboRobotSim.egg-info/top_level.txt
[0.495s] writing manifest file '../../build/GazeboRobotSim/GazeboRobotSim.egg-info/SOURCES.txt'
[0.496s] reading manifest file '../../build/GazeboRobotSim/GazeboRobotSim.egg-info/SOURCES.txt'
[0.496s] writing manifest file '../../build/GazeboRobotSim/GazeboRobotSim.egg-info/SOURCES.txt'
[0.496s] running build
[0.497s] running build_py
[0.497s] creating /home/dimithri/ros2_ws/build/GazeboRobotSim/build
[0.497s] creating /home/dimithri/ros2_ws/build/GazeboRobotSim/build/lib
[0.497s] creating /home/dimithri/ros2_ws/build/GazeboRobotSim/build/lib/GazeboRobotSim
[0.497s] copying GazeboRobotSim/__init__.py -> /home/dimithri/ros2_ws/build/GazeboRobotSim/build/lib/GazeboRobotSim
[0.497s] running install
[0.497s] running install_lib
[0.498s] creating /home/dimithri/ros2_ws/install/GazeboRobotSim/lib/python3.10/site-packages/GazeboRobotSim
[0.498s] copying /home/dimithri/ros2_ws/build/GazeboRobotSim/build/lib/GazeboRobotSim/__init__.py -> /home/dimithri/ros2_ws/install/GazeboRobotSim/lib/python3.10/site-packages/GazeboRobotSim
[0.498s] byte-compiling /home/dimithri/ros2_ws/install/GazeboRobotSim/lib/python3.10/site-packages/GazeboRobotSim/__init__.py to __init__.cpython-310.pyc
[0.498s] running install_data
[0.499s] creating /home/dimithri/ros2_ws/install/GazeboRobotSim/share/ament_index
[0.499s] creating /home/dimithri/ros2_ws/install/GazeboRobotSim/share/ament_index/resource_index
[0.499s] creating /home/dimithri/ros2_ws/install/GazeboRobotSim/share/ament_index/resource_index/packages
[0.499s] copying resource/GazeboRobotSim -> /home/dimithri/ros2_ws/install/GazeboRobotSim/share/ament_index/resource_index/packages
[0.499s] copying package.xml -> /home/dimithri/ros2_ws/install/GazeboRobotSim/share/GazeboRobotSim
[0.499s] creating /home/dimithri/ros2_ws/install/GazeboRobotSim/share/GazeboRobotSim/launch
[0.499s] copying launch/spawn_task1.py -> /home/dimithri/ros2_ws/install/GazeboRobotSim/share/GazeboRobotSim/launch
[0.499s] creating /home/dimithri/ros2_ws/install/GazeboRobotSim/share/GazeboRobotSim/models
[0.500s] copying models/robotTask1.sdf -> /home/dimithri/ros2_ws/install/GazeboRobotSim/share/GazeboRobotSim/models
[0.500s] running install_egg_info
[0.501s] Copying ../../build/GazeboRobotSim/GazeboRobotSim.egg-info to /home/dimithri/ros2_ws/install/GazeboRobotSim/lib/python3.10/site-packages/GazeboRobotSim-0.0.0-py3.10.egg-info
[0.501s] running install_scripts
[0.513s] writing list of installed files to '/home/dimithri/ros2_ws/build/GazeboRobotSim/install.log'
[0.527s] Invoked command in '/home/dimithri/ros2_ws/src/GazeboRobotSim' returned '0': PYTHONPATH=/home/dimithri/ros2_ws/build/GazeboRobotSim/prefix_override:/usr/lib/python3/dist-packages/colcon_core/task/python/colcon_distutils_commands:/home/dimithri/ros2_ws/install/GazeboRobotSim/lib/python3.10/site-packages:${PYTHONPATH} /usr/bin/python3 -W ignore:setup.py install is deprecated -W ignore:easy_install command is deprecated setup.py egg_info --egg-base ../../build/GazeboRobotSim build --build-base /home/dimithri/ros2_ws/build/GazeboRobotSim/build install --record /home/dimithri/ros2_ws/build/GazeboRobotSim/install.log --single-version-externally-managed install_data
