[0.912s] Invoking command in '/home/abrew/R-S_Group_Project/ros2_ws/src/GazeboRobotSim': PYTHONPATH=/home/abrew/R-S_Group_Project/ros2_ws/build/GazeboRobotSim/prefix_override:/usr/lib/python3/dist-packages/colcon_core/task/python/colcon_distutils_commands:/home/abrew/R-S_Group_Project/ros2_ws/install/GazeboRobotSim/lib/python3.10/site-packages:${PYTHONPATH} /usr/bin/python3 -W ignore:setup.py install is deprecated -W ignore:easy_install command is deprecated setup.py egg_info --egg-base ../../build/GazeboRobotSim build --build-base /home/abrew/R-S_Group_Project/ros2_ws/build/GazeboRobotSim/build install --record /home/abrew/R-S_Group_Project/ros2_ws/build/GazeboRobotSim/install.log --single-version-externally-managed install_data
[1.169s] running egg_info
[1.169s] writing ../../build/GazeboRobotSim/GazeboRobotSim.egg-info/PKG-INFO
[1.170s] writing dependency_links to ../../build/GazeboRobotSim/GazeboRobotSim.egg-info/dependency_links.txt
[1.170s] writing entry points to ../../build/GazeboRobotSim/GazeboRobotSim.egg-info/entry_points.txt
[1.170s] writing requirements to ../../build/GazeboRobotSim/GazeboRobotSim.egg-info/requires.txt
[1.171s] writing top-level names to ../../build/GazeboRobotSim/GazeboRobotSim.egg-info/top_level.txt
[1.174s] reading manifest file '../../build/GazeboRobotSim/GazeboRobotSim.egg-info/SOURCES.txt'
[1.177s] writing manifest file '../../build/GazeboRobotSim/GazeboRobotSim.egg-info/SOURCES.txt'
[1.177s] running build
[1.177s] running build_py
[1.177s] running install
[1.178s] running install_lib
[1.180s] running install_data
[1.181s] copying worlds/task3.world -> /home/abrew/R-S_Group_Project/ros2_ws/install/GazeboRobotSim/share/GazeboRobotSim/worlds
[1.181s] running install_egg_info
[1.183s] removing '/home/abrew/R-S_Group_Project/ros2_ws/install/GazeboRobotSim/lib/python3.10/site-packages/GazeboRobotSim-0.0.0-py3.10.egg-info' (and everything under it)
[1.185s] Copying ../../build/GazeboRobotSim/GazeboRobotSim.egg-info to /home/abrew/R-S_Group_Project/ros2_ws/install/GazeboRobotSim/lib/python3.10/site-packages/GazeboRobotSim-0.0.0-py3.10.egg-info
[1.186s] running install_scripts
[1.208s] Installing move_robot script to /home/abrew/R-S_Group_Project/ros2_ws/install/GazeboRobotSim/lib/GazeboRobotSim
[1.209s] Installing move_robot2 script to /home/abrew/R-S_Group_Project/ros2_ws/install/GazeboRobotSim/lib/GazeboRobotSim
[1.209s] Installing test_gazebo script to /home/abrew/R-S_Group_Project/ros2_ws/install/GazeboRobotSim/lib/GazeboRobotSim
[1.209s] writing list of installed files to '/home/abrew/R-S_Group_Project/ros2_ws/build/GazeboRobotSim/install.log'
[1.229s] Invoked command in '/home/abrew/R-S_Group_Project/ros2_ws/src/GazeboRobotSim' returned '0': PYTHONPATH=/home/abrew/R-S_Group_Project/ros2_ws/build/GazeboRobotSim/prefix_override:/usr/lib/python3/dist-packages/colcon_core/task/python/colcon_distutils_commands:/home/abrew/R-S_Group_Project/ros2_ws/install/GazeboRobotSim/lib/python3.10/site-packages:${PYTHONPATH} /usr/bin/python3 -W ignore:setup.py install is deprecated -W ignore:easy_install command is deprecated setup.py egg_info --egg-base ../../build/GazeboRobotSim build --build-base /home/abrew/R-S_Group_Project/ros2_ws/build/GazeboRobotSim/build install --record /home/abrew/R-S_Group_Project/ros2_ws/build/GazeboRobotSim/install.log --single-version-externally-managed install_data
