[0.425s] Invoking command in '/home/795302/Documents/Group Project/R-S_Group_Project/ros2_ws/src/GazeboRobotSim': PYTHONPATH=/home/795302/Documents/Group Project/R-S_Group_Project/ros2_ws/build/GazeboRobotSim/prefix_override:/usr/lib/python3/dist-packages/colcon_core/task/python/colcon_distutils_commands:/home/795302/Documents/Group Project/R-S_Group_Project/ros2_ws/install/GazeboRobotSim/lib/python3.10/site-packages:${PYTHONPATH} /usr/bin/python3 -W ignore:setup.py install is deprecated setup.py egg_info --egg-base ../../build/GazeboRobotSim build --build-base /home/795302/Documents/Group Project/R-S_Group_Project/ros2_ws/build/GazeboRobotSim/build install --record /home/795302/Documents/Group Project/R-S_Group_Project/ros2_ws/build/GazeboRobotSim/install.log --single-version-externally-managed install_data
[0.591s] running egg_info
[0.591s] writing ../../build/GazeboRobotSim/GazeboRobotSim.egg-info/PKG-INFO
[0.591s] writing dependency_links to ../../build/GazeboRobotSim/GazeboRobotSim.egg-info/dependency_links.txt
[0.591s] writing entry points to ../../build/GazeboRobotSim/GazeboRobotSim.egg-info/entry_points.txt
[0.591s] writing requirements to ../../build/GazeboRobotSim/GazeboRobotSim.egg-info/requires.txt
[0.591s] writing top-level names to ../../build/GazeboRobotSim/GazeboRobotSim.egg-info/top_level.txt
[0.592s] reading manifest file '../../build/GazeboRobotSim/GazeboRobotSim.egg-info/SOURCES.txt'
[0.593s] writing manifest file '../../build/GazeboRobotSim/GazeboRobotSim.egg-info/SOURCES.txt'
[0.593s] running build
[0.593s] running build_py
[0.593s] copying GazeboRobotSim/move_robot.py -> /home/795302/Documents/Group Project/R-S_Group_Project/ros2_ws/build/GazeboRobotSim/build/lib/GazeboRobotSim
[0.593s] running install
[0.593s] running install_lib
[0.594s] copying /home/795302/Documents/Group Project/R-S_Group_Project/ros2_ws/build/GazeboRobotSim/build/lib/GazeboRobotSim/move_robot.py -> /home/795302/Documents/Group Project/R-S_Group_Project/ros2_ws/install/GazeboRobotSim/lib/python3.10/site-packages/GazeboRobotSim
[0.594s] byte-compiling /home/795302/Documents/Group Project/R-S_Group_Project/ros2_ws/install/GazeboRobotSim/lib/python3.10/site-packages/GazeboRobotSim/move_robot.py to move_robot.cpython-310.pyc
[0.594s] running install_data
[0.594s] Sorry: TabError: inconsistent use of tabs and spaces in indentation (move_robot.py, line 11)
[0.594s] running install_egg_info
[0.595s] removing '/home/795302/Documents/Group Project/R-S_Group_Project/ros2_ws/install/GazeboRobotSim/lib/python3.10/site-packages/GazeboRobotSim-0.0.0-py3.10.egg-info' (and everything under it)
[0.595s] Copying ../../build/GazeboRobotSim/GazeboRobotSim.egg-info to /home/795302/Documents/Group Project/R-S_Group_Project/ros2_ws/install/GazeboRobotSim/lib/python3.10/site-packages/GazeboRobotSim-0.0.0-py3.10.egg-info
[0.595s] running install_scripts
[0.608s] Installing move_robot script to /home/795302/Documents/Group Project/R-S_Group_Project/ros2_ws/install/GazeboRobotSim/lib/GazeboRobotSim
[0.608s] Installing test_gazebo script to /home/795302/Documents/Group Project/R-S_Group_Project/ros2_ws/install/GazeboRobotSim/lib/GazeboRobotSim
[0.608s] writing list of installed files to '/home/795302/Documents/Group Project/R-S_Group_Project/ros2_ws/build/GazeboRobotSim/install.log'
[0.622s] Invoked command in '/home/795302/Documents/Group Project/R-S_Group_Project/ros2_ws/src/GazeboRobotSim' returned '0': PYTHONPATH=/home/795302/Documents/Group Project/R-S_Group_Project/ros2_ws/build/GazeboRobotSim/prefix_override:/usr/lib/python3/dist-packages/colcon_core/task/python/colcon_distutils_commands:/home/795302/Documents/Group Project/R-S_Group_Project/ros2_ws/install/GazeboRobotSim/lib/python3.10/site-packages:${PYTHONPATH} /usr/bin/python3 -W ignore:setup.py install is deprecated setup.py egg_info --egg-base ../../build/GazeboRobotSim build --build-base /home/795302/Documents/Group Project/R-S_Group_Project/ros2_ws/build/GazeboRobotSim/build install --record /home/795302/Documents/Group Project/R-S_Group_Project/ros2_ws/build/GazeboRobotSim/install.log --single-version-externally-managed install_data
