[0.659s] Invoking command in '/home/abrew/R-S_Group_Project/ros2_ws/src/GazeboRobotSim': PYTHONPATH=/home/abrew/R-S_Group_Project/ros2_ws/build/GazeboRobotSim/prefix_override:/usr/lib/python3/dist-packages/colcon_core/task/python/colcon_distutils_commands:/home/abrew/R-S_Group_Project/ros2_ws/install/GazeboRobotSim/lib/python3.10/site-packages:${PYTHONPATH} /usr/bin/python3 -W ignore:setup.py install is deprecated -W ignore:easy_install command is deprecated setup.py egg_info --egg-base ../../build/GazeboRobotSim build --build-base /home/abrew/R-S_Group_Project/ros2_ws/build/GazeboRobotSim/build install --record /home/abrew/R-S_Group_Project/ros2_ws/build/GazeboRobotSim/install.log --single-version-externally-managed install_data
[0.919s] running egg_info
[0.919s] writing ../../build/GazeboRobotSim/GazeboRobotSim.egg-info/PKG-INFO
[0.920s] writing dependency_links to ../../build/GazeboRobotSim/GazeboRobotSim.egg-info/dependency_links.txt
[0.920s] writing entry points to ../../build/GazeboRobotSim/GazeboRobotSim.egg-info/entry_points.txt
[0.920s] writing requirements to ../../build/GazeboRobotSim/GazeboRobotSim.egg-info/requires.txt
[0.920s] writing top-level names to ../../build/GazeboRobotSim/GazeboRobotSim.egg-info/top_level.txt
[0.922s] reading manifest file '../../build/GazeboRobotSim/GazeboRobotSim.egg-info/SOURCES.txt'
[0.923s] writing manifest file '../../build/GazeboRobotSim/GazeboRobotSim.egg-info/SOURCES.txt'
[0.923s] running build
[0.923s] running build_py
[0.923s] running install
[0.924s] running install_lib
[0.925s] running install_data
[0.925s] running install_egg_info
[0.927s] removing '/home/abrew/R-S_Group_Project/ros2_ws/install/GazeboRobotSim/lib/python3.10/site-packages/GazeboRobotSim-0.0.0-py3.10.egg-info' (and everything under it)
[0.927s] Copying ../../build/GazeboRobotSim/GazeboRobotSim.egg-info to /home/abrew/R-S_Group_Project/ros2_ws/install/GazeboRobotSim/lib/python3.10/site-packages/GazeboRobotSim-0.0.0-py3.10.egg-info
[0.928s] running install_scripts
[0.951s] Installing move_robot script to /home/abrew/R-S_Group_Project/ros2_ws/install/GazeboRobotSim/lib/GazeboRobotSim
[0.951s] Installing move_robot2 script to /home/abrew/R-S_Group_Project/ros2_ws/install/GazeboRobotSim/lib/GazeboRobotSim
[0.951s] Installing test_gazebo script to /home/abrew/R-S_Group_Project/ros2_ws/install/GazeboRobotSim/lib/GazeboRobotSim
[0.951s] writing list of installed files to '/home/abrew/R-S_Group_Project/ros2_ws/build/GazeboRobotSim/install.log'
[0.974s] Invoked command in '/home/abrew/R-S_Group_Project/ros2_ws/src/GazeboRobotSim' returned '0': PYTHONPATH=/home/abrew/R-S_Group_Project/ros2_ws/build/GazeboRobotSim/prefix_override:/usr/lib/python3/dist-packages/colcon_core/task/python/colcon_distutils_commands:/home/abrew/R-S_Group_Project/ros2_ws/install/GazeboRobotSim/lib/python3.10/site-packages:${PYTHONPATH} /usr/bin/python3 -W ignore:setup.py install is deprecated -W ignore:easy_install command is deprecated setup.py egg_info --egg-base ../../build/GazeboRobotSim build --build-base /home/abrew/R-S_Group_Project/ros2_ws/build/GazeboRobotSim/build install --record /home/abrew/R-S_Group_Project/ros2_ws/build/GazeboRobotSim/install.log --single-version-externally-managed install_data
