[0.891s] Invoking command in '/home/abrew/R-S_Group_Project/ros2_ws/src/GazeboRobotSim': PYTHONPATH=/home/abrew/R-S_Group_Project/ros2_ws/build/GazeboRobotSim/prefix_override:/usr/lib/python3/dist-packages/colcon_core/task/python/colcon_distutils_commands:/home/abrew/R-S_Group_Project/ros2_ws/install/GazeboRobotSim/lib/python3.10/site-packages:${PYTHONPATH} /usr/bin/python3 -W ignore:setup.py install is deprecated -W ignore:easy_install command is deprecated setup.py egg_info --egg-base ../../build/GazeboRobotSim build --build-base /home/abrew/R-S_Group_Project/ros2_ws/build/GazeboRobotSim/build install --record /home/abrew/R-S_Group_Project/ros2_ws/build/GazeboRobotSim/install.log --single-version-externally-managed install_data
[1.159s] running egg_info
[1.159s] writing ../../build/GazeboRobotSim/GazeboRobotSim.egg-info/PKG-INFO
[1.160s] writing dependency_links to ../../build/GazeboRobotSim/GazeboRobotSim.egg-info/dependency_links.txt
[1.160s] writing entry points to ../../build/GazeboRobotSim/GazeboRobotSim.egg-info/entry_points.txt
[1.160s] writing requirements to ../../build/GazeboRobotSim/GazeboRobotSim.egg-info/requires.txt
[1.160s] writing top-level names to ../../build/GazeboRobotSim/GazeboRobotSim.egg-info/top_level.txt
[1.162s] reading manifest file '../../build/GazeboRobotSim/GazeboRobotSim.egg-info/SOURCES.txt'
[1.163s] writing manifest file '../../build/GazeboRobotSim/GazeboRobotSim.egg-info/SOURCES.txt'
[1.163s] running build
[1.163s] running build_py
[1.164s] copying GazeboRobotSim/move_robot.py -> /home/abrew/R-S_Group_Project/ros2_ws/build/GazeboRobotSim/build/lib/GazeboRobotSim
[1.164s] running install
[1.164s] running install_lib
[1.165s] copying /home/abrew/R-S_Group_Project/ros2_ws/build/GazeboRobotSim/build/lib/GazeboRobotSim/move_robot.py -> /home/abrew/R-S_Group_Project/ros2_ws/install/GazeboRobotSim/lib/python3.10/site-packages/GazeboRobotSim
[1.165s] byte-compiling /home/abrew/R-S_Group_Project/ros2_ws/install/GazeboRobotSim/lib/python3.10/site-packages/GazeboRobotSim/move_robot.py to move_robot.cpython-310.pyc
[1.167s] running install_data
[1.167s] copying worlds/task3.world -> /home/abrew/R-S_Group_Project/ros2_ws/install/GazeboRobotSim/share/GazeboRobotSim/worlds
[1.169s] running install_egg_info
[1.171s] removing '/home/abrew/R-S_Group_Project/ros2_ws/install/GazeboRobotSim/lib/python3.10/site-packages/GazeboRobotSim-0.0.0-py3.10.egg-info' (and everything under it)
[1.173s] Copying ../../build/GazeboRobotSim/GazeboRobotSim.egg-info to /home/abrew/R-S_Group_Project/ros2_ws/install/GazeboRobotSim/lib/python3.10/site-packages/GazeboRobotSim-0.0.0-py3.10.egg-info
[1.174s] running install_scripts
[1.197s] Installing move_robot script to /home/abrew/R-S_Group_Project/ros2_ws/install/GazeboRobotSim/lib/GazeboRobotSim
[1.197s] Installing move_robot2 script to /home/abrew/R-S_Group_Project/ros2_ws/install/GazeboRobotSim/lib/GazeboRobotSim
[1.197s] Installing test_gazebo script to /home/abrew/R-S_Group_Project/ros2_ws/install/GazeboRobotSim/lib/GazeboRobotSim
[1.198s] writing list of installed files to '/home/abrew/R-S_Group_Project/ros2_ws/build/GazeboRobotSim/install.log'
[1.221s] Invoked command in '/home/abrew/R-S_Group_Project/ros2_ws/src/GazeboRobotSim' returned '0': PYTHONPATH=/home/abrew/R-S_Group_Project/ros2_ws/build/GazeboRobotSim/prefix_override:/usr/lib/python3/dist-packages/colcon_core/task/python/colcon_distutils_commands:/home/abrew/R-S_Group_Project/ros2_ws/install/GazeboRobotSim/lib/python3.10/site-packages:${PYTHONPATH} /usr/bin/python3 -W ignore:setup.py install is deprecated -W ignore:easy_install command is deprecated setup.py egg_info --egg-base ../../build/GazeboRobotSim build --build-base /home/abrew/R-S_Group_Project/ros2_ws/build/GazeboRobotSim/build install --record /home/abrew/R-S_Group_Project/ros2_ws/build/GazeboRobotSim/install.log --single-version-externally-managed install_data
