[1.670s] Invoking command in '/home/dimithri/R-S_Group_Project/ros2_ws/src/GazeboRobotSim': PYTHONPATH=/home/dimithri/R-S_Group_Project/ros2_ws/build/GazeboRobotSim/prefix_override:/usr/lib/python3/dist-packages/colcon_core/task/python/colcon_distutils_commands:/home/dimithri/R-S_Group_Project/ros2_ws/install/GazeboRobotSim/lib/python3.10/site-packages:${PYTHONPATH} /usr/bin/python3 -W ignore:setup.py install is deprecated -W ignore:easy_install command is deprecated setup.py egg_info --egg-base ../../build/GazeboRobotSim build --build-base /home/dimithri/R-S_Group_Project/ros2_ws/build/GazeboRobotSim/build install --record /home/dimithri/R-S_Group_Project/ros2_ws/build/GazeboRobotSim/install.log --single-version-externally-managed install_data
[2.108s] running egg_info
[2.109s] creating ../../build/GazeboRobotSim/GazeboRobotSim.egg-info
[2.110s] writing ../../build/GazeboRobotSim/GazeboRobotSim.egg-info/PKG-INFO
[2.111s] writing dependency_links to ../../build/GazeboRobotSim/GazeboRobotSim.egg-info/dependency_links.txt
[2.112s] writing entry points to ../../build/GazeboRobotSim/GazeboRobotSim.egg-info/entry_points.txt
[2.113s] writing requirements to ../../build/GazeboRobotSim/GazeboRobotSim.egg-info/requires.txt
[2.114s] writing top-level names to ../../build/GazeboRobotSim/GazeboRobotSim.egg-info/top_level.txt
[2.115s] writing manifest file '../../build/GazeboRobotSim/GazeboRobotSim.egg-info/SOURCES.txt'
[2.122s] reading manifest file '../../build/GazeboRobotSim/GazeboRobotSim.egg-info/SOURCES.txt'
[2.126s] writing manifest file '../../build/GazeboRobotSim/GazeboRobotSim.egg-info/SOURCES.txt'
[2.126s] running build
[2.126s] running build_py
[2.126s] creating /home/dimithri/R-S_Group_Project/ros2_ws/build/GazeboRobotSim/build
[2.128s] creating /home/dimithri/R-S_Group_Project/ros2_ws/build/GazeboRobotSim/build/lib
[2.129s] creating /home/dimithri/R-S_Group_Project/ros2_ws/build/GazeboRobotSim/build/lib/GazeboRobotSim
[2.129s] copying GazeboRobotSim/__init__.py -> /home/dimithri/R-S_Group_Project/ros2_ws/build/GazeboRobotSim/build/lib/GazeboRobotSim
[2.130s] copying GazeboRobotSim/move_robot.py -> /home/dimithri/R-S_Group_Project/ros2_ws/build/GazeboRobotSim/build/lib/GazeboRobotSim
[2.131s] running install
[2.131s] running install_lib
[2.133s] creating /home/dimithri/R-S_Group_Project/ros2_ws/install/GazeboRobotSim/lib/python3.10/site-packages/GazeboRobotSim
[2.134s] copying /home/dimithri/R-S_Group_Project/ros2_ws/build/GazeboRobotSim/build/lib/GazeboRobotSim/__init__.py -> /home/dimithri/R-S_Group_Project/ros2_ws/install/GazeboRobotSim/lib/python3.10/site-packages/GazeboRobotSim
[2.135s] copying /home/dimithri/R-S_Group_Project/ros2_ws/build/GazeboRobotSim/build/lib/GazeboRobotSim/move_robot.py -> /home/dimithri/R-S_Group_Project/ros2_ws/install/GazeboRobotSim/lib/python3.10/site-packages/GazeboRobotSim
[2.135s] byte-compiling /home/dimithri/R-S_Group_Project/ros2_ws/install/GazeboRobotSim/lib/python3.10/site-packages/GazeboRobotSim/__init__.py to __init__.cpython-310.pyc
[2.136s] byte-compiling /home/dimithri/R-S_Group_Project/ros2_ws/install/GazeboRobotSim/lib/python3.10/site-packages/GazeboRobotSim/move_robot.py to move_robot.cpython-310.pyc
[2.140s] running install_data
[2.141s] creating /home/dimithri/R-S_Group_Project/ros2_ws/install/GazeboRobotSim/share/ament_index
[2.143s] creating /home/dimithri/R-S_Group_Project/ros2_ws/install/GazeboRobotSim/share/ament_index/resource_index
[2.143s] creating /home/dimithri/R-S_Group_Project/ros2_ws/install/GazeboRobotSim/share/ament_index/resource_index/packages
[2.144s] copying resource/GazeboRobotSim -> /home/dimithri/R-S_Group_Project/ros2_ws/install/GazeboRobotSim/share/ament_index/resource_index/packages
[2.145s] copying package.xml -> /home/dimithri/R-S_Group_Project/ros2_ws/install/GazeboRobotSim/share/GazeboRobotSim
[2.145s] creating /home/dimithri/R-S_Group_Project/ros2_ws/install/GazeboRobotSim/share/GazeboRobotSim/launch
[2.145s] copying launch/launch_task3.py -> /home/dimithri/R-S_Group_Project/ros2_ws/install/GazeboRobotSim/share/GazeboRobotSim/launch
[2.146s] copying launch/launch_task2.py -> /home/dimithri/R-S_Group_Project/ros2_ws/install/GazeboRobotSim/share/GazeboRobotSim/launch
[2.146s] copying launch/launch_task1.py -> /home/dimithri/R-S_Group_Project/ros2_ws/install/GazeboRobotSim/share/GazeboRobotSim/launch
[2.146s] creating /home/dimithri/R-S_Group_Project/ros2_ws/install/GazeboRobotSim/share/GazeboRobotSim/models
[2.146s] copying models/robotTask1.sdf -> /home/dimithri/R-S_Group_Project/ros2_ws/install/GazeboRobotSim/share/GazeboRobotSim/models
[2.147s] copying models/robotWithWings.sdf -> /home/dimithri/R-S_Group_Project/ros2_ws/install/GazeboRobotSim/share/GazeboRobotSim/models
[2.147s] copying models/robotTask1.config -> /home/dimithri/R-S_Group_Project/ros2_ws/install/GazeboRobotSim/share/GazeboRobotSim/models
[2.148s] copying models/robotWithWings.config -> /home/dimithri/R-S_Group_Project/ros2_ws/install/GazeboRobotSim/share/GazeboRobotSim/models
[2.148s] creating /home/dimithri/R-S_Group_Project/ros2_ws/install/GazeboRobotSim/share/GazeboRobotSim/scripts
[2.148s] creating /home/dimithri/R-S_Group_Project/ros2_ws/install/GazeboRobotSim/share/GazeboRobotSim/worlds
[2.149s] copying worlds/task2.world -> /home/dimithri/R-S_Group_Project/ros2_ws/install/GazeboRobotSim/share/GazeboRobotSim/worlds
[2.149s] copying worlds/task3.world -> /home/dimithri/R-S_Group_Project/ros2_ws/install/GazeboRobotSim/share/GazeboRobotSim/worlds
[2.150s] copying worlds/task1.world -> /home/dimithri/R-S_Group_Project/ros2_ws/install/GazeboRobotSim/share/GazeboRobotSim/worlds
[2.150s] running install_egg_info
[2.154s] Copying ../../build/GazeboRobotSim/GazeboRobotSim.egg-info to /home/dimithri/R-S_Group_Project/ros2_ws/install/GazeboRobotSim/lib/python3.10/site-packages/GazeboRobotSim-0.0.0-py3.10.egg-info
[2.156s] running install_scripts
[2.184s] Installing move_robot script to /home/dimithri/R-S_Group_Project/ros2_ws/install/GazeboRobotSim/lib/GazeboRobotSim
[2.185s] Installing move_robot2 script to /home/dimithri/R-S_Group_Project/ros2_ws/install/GazeboRobotSim/lib/GazeboRobotSim
[2.185s] Installing test_gazebo script to /home/dimithri/R-S_Group_Project/ros2_ws/install/GazeboRobotSim/lib/GazeboRobotSim
[2.185s] writing list of installed files to '/home/dimithri/R-S_Group_Project/ros2_ws/build/GazeboRobotSim/install.log'
[2.217s] Invoked command in '/home/dimithri/R-S_Group_Project/ros2_ws/src/GazeboRobotSim' returned '0': PYTHONPATH=/home/dimithri/R-S_Group_Project/ros2_ws/build/GazeboRobotSim/prefix_override:/usr/lib/python3/dist-packages/colcon_core/task/python/colcon_distutils_commands:/home/dimithri/R-S_Group_Project/ros2_ws/install/GazeboRobotSim/lib/python3.10/site-packages:${PYTHONPATH} /usr/bin/python3 -W ignore:setup.py install is deprecated -W ignore:easy_install command is deprecated setup.py egg_info --egg-base ../../build/GazeboRobotSim build --build-base /home/dimithri/R-S_Group_Project/ros2_ws/build/GazeboRobotSim/build install --record /home/dimithri/R-S_Group_Project/ros2_ws/build/GazeboRobotSim/install.log --single-version-externally-managed install_data
