[0.505s] Invoking command in '/home/dimithri/R-S_Group_Project/ros2_ws/src/GazeboRobotSim': PYTHONPATH=/home/dimithri/R-S_Group_Project/ros2_ws/build/GazeboRobotSim/prefix_override:/usr/lib/python3/dist-packages/colcon_core/task/python/colcon_distutils_commands:/home/dimithri/R-S_Group_Project/ros2_ws/install/GazeboRobotSim/lib/python3.10/site-packages:${PYTHONPATH} /usr/bin/python3 -W ignore:setup.py install is deprecated -W ignore:easy_install command is deprecated setup.py egg_info --egg-base ../../build/GazeboRobotSim build --build-base /home/dimithri/R-S_Group_Project/ros2_ws/build/GazeboRobotSim/build install --record /home/dimithri/R-S_Group_Project/ros2_ws/build/GazeboRobotSim/install.log --single-version-externally-managed install_data
[0.643s] running egg_info
[0.643s] writing ../../build/GazeboRobotSim/GazeboRobotSim.egg-info/PKG-INFO
[0.644s] writing dependency_links to ../../build/GazeboRobotSim/GazeboRobotSim.egg-info/dependency_links.txt
[0.644s] writing entry points to ../../build/GazeboRobotSim/GazeboRobotSim.egg-info/entry_points.txt
[0.644s] writing requirements to ../../build/GazeboRobotSim/GazeboRobotSim.egg-info/requires.txt
[0.644s] writing top-level names to ../../build/GazeboRobotSim/GazeboRobotSim.egg-info/top_level.txt
[0.645s] reading manifest file '../../build/GazeboRobotSim/GazeboRobotSim.egg-info/SOURCES.txt'
[0.646s] writing manifest file '../../build/GazeboRobotSim/GazeboRobotSim.egg-info/SOURCES.txt'
[0.646s] running build
[0.646s] running build_py
[0.646s] copying GazeboRobotSim/test_gazebo.py -> /home/dimithri/R-S_Group_Project/ros2_ws/build/GazeboRobotSim/build/lib/GazeboRobotSim
[0.646s] copying GazeboRobotSim/__init__.py -> /home/dimithri/R-S_Group_Project/ros2_ws/build/GazeboRobotSim/build/lib/GazeboRobotSim
[0.646s] copying GazeboRobotSim/move_robot.py -> /home/dimithri/R-S_Group_Project/ros2_ws/build/GazeboRobotSim/build/lib/GazeboRobotSim
[0.647s] running install
[0.647s] running install_lib
[0.647s] copying /home/dimithri/R-S_Group_Project/ros2_ws/build/GazeboRobotSim/build/lib/GazeboRobotSim/test_gazebo.py -> /home/dimithri/R-S_Group_Project/ros2_ws/install/GazeboRobotSim/lib/python3.10/site-packages/GazeboRobotSim
[0.647s] copying /home/dimithri/R-S_Group_Project/ros2_ws/build/GazeboRobotSim/build/lib/GazeboRobotSim/__init__.py -> /home/dimithri/R-S_Group_Project/ros2_ws/install/GazeboRobotSim/lib/python3.10/site-packages/GazeboRobotSim
[0.648s] copying /home/dimithri/R-S_Group_Project/ros2_ws/build/GazeboRobotSim/build/lib/GazeboRobotSim/move_robot.py -> /home/dimithri/R-S_Group_Project/ros2_ws/install/GazeboRobotSim/lib/python3.10/site-packages/GazeboRobotSim
[0.648s] byte-compiling /home/dimithri/R-S_Group_Project/ros2_ws/install/GazeboRobotSim/lib/python3.10/site-packages/GazeboRobotSim/test_gazebo.py to test_gazebo.cpython-310.pyc
[0.648s] byte-compiling /home/dimithri/R-S_Group_Project/ros2_ws/install/GazeboRobotSim/lib/python3.10/site-packages/GazeboRobotSim/__init__.py to __init__.cpython-310.pyc
[0.648s] byte-compiling /home/dimithri/R-S_Group_Project/ros2_ws/install/GazeboRobotSim/lib/python3.10/site-packages/GazeboRobotSim/move_robot.py to move_robot.cpython-310.pyc
[0.649s] running install_data
[0.649s] creating /home/dimithri/R-S_Group_Project/ros2_ws/install/GazeboRobotSim/share/GazeboRobotSim/scripts
[0.649s] running install_egg_info
[0.650s] removing '/home/dimithri/R-S_Group_Project/ros2_ws/install/GazeboRobotSim/lib/python3.10/site-packages/GazeboRobotSim-0.0.0-py3.10.egg-info' (and everything under it)
[0.651s] Copying ../../build/GazeboRobotSim/GazeboRobotSim.egg-info to /home/dimithri/R-S_Group_Project/ros2_ws/install/GazeboRobotSim/lib/python3.10/site-packages/GazeboRobotSim-0.0.0-py3.10.egg-info
[0.652s] running install_scripts
[0.664s] Installing move_robot script to /home/dimithri/R-S_Group_Project/ros2_ws/install/GazeboRobotSim/lib/GazeboRobotSim
[0.664s] Installing test_gazebo script to /home/dimithri/R-S_Group_Project/ros2_ws/install/GazeboRobotSim/lib/GazeboRobotSim
[0.664s] writing list of installed files to '/home/dimithri/R-S_Group_Project/ros2_ws/build/GazeboRobotSim/install.log'
[0.677s] Invoked command in '/home/dimithri/R-S_Group_Project/ros2_ws/src/GazeboRobotSim' returned '0': PYTHONPATH=/home/dimithri/R-S_Group_Project/ros2_ws/build/GazeboRobotSim/prefix_override:/usr/lib/python3/dist-packages/colcon_core/task/python/colcon_distutils_commands:/home/dimithri/R-S_Group_Project/ros2_ws/install/GazeboRobotSim/lib/python3.10/site-packages:${PYTHONPATH} /usr/bin/python3 -W ignore:setup.py install is deprecated -W ignore:easy_install command is deprecated setup.py egg_info --egg-base ../../build/GazeboRobotSim build --build-base /home/dimithri/R-S_Group_Project/ros2_ws/build/GazeboRobotSim/build install --record /home/dimithri/R-S_Group_Project/ros2_ws/build/GazeboRobotSim/install.log --single-version-externally-managed install_data
