[0.440s] Invoking command in '/home/795302/Documents/Group Project/R-S_Group_Project/ros2_ws/src/GazeboRobotSim': PYTHONPATH=/home/795302/Documents/Group Project/R-S_Group_Project/ros2_ws/build/GazeboRobotSim/prefix_override:/usr/lib/python3/dist-packages/colcon_core/task/python/colcon_distutils_commands:/home/795302/Documents/Group Project/R-S_Group_Project/ros2_ws/install/GazeboRobotSim/lib/python3.10/site-packages:${PYTHONPATH} /usr/bin/python3 -W ignore:setup.py install is deprecated setup.py egg_info --egg-base ../../build/GazeboRobotSim build --build-base /home/795302/Documents/Group Project/R-S_Group_Project/ros2_ws/build/GazeboRobotSim/build install --record /home/795302/Documents/Group Project/R-S_Group_Project/ros2_ws/build/GazeboRobotSim/install.log --single-version-externally-managed install_data
[0.597s] running egg_info
[0.597s] writing ../../build/GazeboRobotSim/GazeboRobotSim.egg-info/PKG-INFO
[0.597s] writing dependency_links to ../../build/GazeboRobotSim/GazeboRobotSim.egg-info/dependency_links.txt
[0.597s] writing entry points to ../../build/GazeboRobotSim/GazeboRobotSim.egg-info/entry_points.txt
[0.597s] writing requirements to ../../build/GazeboRobotSim/GazeboRobotSim.egg-info/requires.txt
[0.597s] writing top-level names to ../../build/GazeboRobotSim/GazeboRobotSim.egg-info/top_level.txt
[0.598s] reading manifest file '../../build/GazeboRobotSim/GazeboRobotSim.egg-info/SOURCES.txt'
[0.599s] writing manifest file '../../build/GazeboRobotSim/GazeboRobotSim.egg-info/SOURCES.txt'
[0.599s] running build
[0.599s] running build_py
[0.599s] running install
[0.599s] running install_lib
[0.600s] running install_data
[0.600s] running install_egg_info
[0.601s] removing '/home/795302/Documents/Group Project/R-S_Group_Project/ros2_ws/install/GazeboRobotSim/lib/python3.10/site-packages/GazeboRobotSim-0.0.0-py3.10.egg-info' (and everything under it)
[0.601s] Copying ../../build/GazeboRobotSim/GazeboRobotSim.egg-info to /home/795302/Documents/Group Project/R-S_Group_Project/ros2_ws/install/GazeboRobotSim/lib/python3.10/site-packages/GazeboRobotSim-0.0.0-py3.10.egg-info
[0.602s] running install_scripts
[0.614s] Installing move_robot script to /home/795302/Documents/Group Project/R-S_Group_Project/ros2_ws/install/GazeboRobotSim/lib/GazeboRobotSim
[0.615s] Installing test_gazebo script to /home/795302/Documents/Group Project/R-S_Group_Project/ros2_ws/install/GazeboRobotSim/lib/GazeboRobotSim
[0.615s] writing list of installed files to '/home/795302/Documents/Group Project/R-S_Group_Project/ros2_ws/build/GazeboRobotSim/install.log'
[0.628s] Invoked command in '/home/795302/Documents/Group Project/R-S_Group_Project/ros2_ws/src/GazeboRobotSim' returned '0': PYTHONPATH=/home/795302/Documents/Group Project/R-S_Group_Project/ros2_ws/build/GazeboRobotSim/prefix_override:/usr/lib/python3/dist-packages/colcon_core/task/python/colcon_distutils_commands:/home/795302/Documents/Group Project/R-S_Group_Project/ros2_ws/install/GazeboRobotSim/lib/python3.10/site-packages:${PYTHONPATH} /usr/bin/python3 -W ignore:setup.py install is deprecated setup.py egg_info --egg-base ../../build/GazeboRobotSim build --build-base /home/795302/Documents/Group Project/R-S_Group_Project/ros2_ws/build/GazeboRobotSim/build install --record /home/795302/Documents/Group Project/R-S_Group_Project/ros2_ws/build/GazeboRobotSim/install.log --single-version-externally-managed install_data
